<?xml version="1.0" encoding="UTF-8"?>
<!-- Generated by org.testng.reporters.JUnitReportReporter -->
<testsuite hostname="Vinods-MBP-2" failures="0" tests="1" name="com.testrunner.TestRunner" time="0.007" errors="0" timestamp="2022-08-21T14:22:48 GST" skipped="0">
  <testcase classname="com.testrunner.TestRunner" name="feature" time="0.007"/>
  <system-out/>
</testsuite> <!-- com.testrunner.TestRunner -->
